<html>
<head>
<title>TestNG:  GMS Functional Tests</title>
<link href="../testng.css" rel="stylesheet" type="text/css" />
<link href="../my-testng.css" rel="stylesheet" type="text/css" />

<style type="text/css">
.log { display: none;} 
.stack-trace { display: none;} 
</style>
<script type="text/javascript">
<!--
function flip(e) {
  current = e.style.display;
  if (current == 'block') {
    e.style.display = 'none';
    return 0;
  }
  else {
    e.style.display = 'block';
    return 1;
  }
}

function toggleBox(szDivId, elem, msg1, msg2)
{
  var res = -1;  if (document.getElementById) {
    res = flip(document.getElementById(szDivId));
  }
  else if (document.all) {
    // this is the way old msie versions work
    res = flip(document.all[szDivId]);
  }
  if(elem) {
    if(res == 0) elem.innerHTML = msg1; else elem.innerHTML = msg2;
  }

}

function toggleAllBoxes() {
  if (document.getElementsByTagName) {
    d = document.getElementsByTagName('div');
    for (i = 0; i < d.length; i++) {
      if (d[i].className == 'log') {
        flip(d[i]);
      }
    }
  }
}

// -->
</script>

</head>
<body>
<h2 align='center'>GMS Functional Tests</h2><table border='1' align="center">
<tr>
<td>Tests passed/Failed/Skipped:</td><td>8/3/3</td>
</tr><tr>
<td>Started on:</td><td>Tue Apr 15 14:18:01 IST 2025</td>
</tr>
<tr><td>Total time:</td><td>326 seconds (326233 ms)</td>
</tr><tr>
<td>Included groups:</td><td></td>
</tr><tr>
<td>Excluded groups:</td><td></td>
</tr>
</table><p/>
<small><i>(Hover the method name to see the test class name)</i></small><p/>
<table width='100%' border='1' class='invocation-failed'>
<tr><td colspan='4' align='center'><b>FAILED TESTS</b></td></tr>
<tr><td><b>Test method</b></td>
<td><b>Attribute(s)</b></td>
<td width="30%"><b>Exception</b></td>
<td width="10%"><b>Time (seconds)</b></td>
<td><b>Instance</b></td>
</tr>
<tr>
<td title='com.gms.testcases.CustRegTest.custRegTest()'><b>custRegTest</b><br>Test class: com.gms.testcases.CustRegTest<br>Parameters: {password=welcome@123, mobNum=7842524582, runMode=Y, nbrPlateColor=White, custAddr=Hyderabad, engineNo=ENG123E554, mfgYear=2015, username=ramp, doreg=, technician=Rahul, vehNo=TEST6786, vehName=Toyota, supervisor=Raja, emailId=venkata.ysqa@gmail.com, custName=VENKAT7, custSource=, kmDriven=123459, vehCat=SUV, chasisNo=CHA123A24}<br/>
<a href="#Output-134432690" onClick='toggleBox("Output-134432690", this, "Show output", "Hide output");'>Show output</a>

<a href="#Output-134432690" onClick="toggleAllBoxes();">Show all outputs</a>
<div class='log' id="Output-134432690">
Click to see Screenshot<br/>
<a target="_blank" href=Tue_Apr_15_14_21_29_IST_2025.jpg>Screenshot</a><br/>
<br><br/>
<br><br/>
<a target="_blank" href=Tue_Apr_15_14_21_29_IST_2025.jpg><img src=Tue_Apr_15_14_21_29_IST_2025.jpg height=200 width=200></img></a><br/>
</div>
</td>
<td><div><pre>org.openqa.selenium.TimeoutException: Expected condition failed: waiting for element to be clickable: [[ChromeDriver: chrome on WINDOWS (104cfac6fbcfaa7cc02321c0298322b7)] -&gt; id: registerVehicle] (tried for 10 second(s) with 500 milliseconds interval)
Build info: version: &apos;4.9.0&apos;, revision: &apos;d7057100a6&apos;
System info: os.name: &apos;Windows 10&apos;, os.arch: &apos;amd64&apos;, os.version: &apos;10.0&apos;, java.version: &apos;17.0.4.1&apos;
Driver info: org.openqa.selenium.chrome.ChromeDriver
Capabilities {acceptInsecureCerts: true, browserName: chrome, browserVersion: 135.0.7049.85, chrome: {chromedriverVersion: 135.0.7049.84 (6c019e560019..., userDataDir: C:\Users\User\AppData\Local...}, fedcm:accounts: true, goog:chromeOptions: {debuggerAddress: localhost:50946}, networkConnectionEnabled: false, pageLoadStrategy: normal, platformName: WINDOWS, proxy: Proxy(), se:cdp: ws://localhost:50946/devtoo..., se:cdpVersion: 135.0.7049.85, setWindowRect: true, strictFileInteractability: false, timeouts: {implicit: 0, pageLoad: 300000, script: 30000}, unhandledPromptBehavior: dismiss and notify, webauthn:extension:credBlob: true, webauthn:extension:largeBlob: true, webauthn:extension:minPinLength: true, webauthn:extension:prf: true, webauthn:virtualAuthenticators: true}
Session ID: 104cfac6fbcfaa7cc02321c0298322b7
	at org.openqa.selenium.support.ui.WebDriverWait.timeoutException(WebDriverWait.java:87)
	at org.openqa.selenium.support.ui.FluentWait.until(FluentWait.java:231)
	at com.gms.base.Page.click(Page.java:86)
	at com.gms.pages.actions.NewCustReg.custReg(NewCustReg.java:104)
	at com.gms.testcases.CustRegTest.custRegTest(CustRegTest.java:40)
	at java.base/java.util.ArrayList.forEach(ArrayList.java:1511)
... Removed 27 stack frames</pre></div><a href='#' onClick='toggleBox("stack-trace134432690", this, "Click to show all stack frames", "Click to hide stack frames")'>Click to show all stack frames</a>
<div class='stack-trace' id='stack-trace134432690'><pre>org.openqa.selenium.TimeoutException: Expected condition failed: waiting for element to be clickable: [[ChromeDriver: chrome on WINDOWS (104cfac6fbcfaa7cc02321c0298322b7)] -&gt; id: registerVehicle] (tried for 10 second(s) with 500 milliseconds interval)
Build info: version: &apos;4.9.0&apos;, revision: &apos;d7057100a6&apos;
System info: os.name: &apos;Windows 10&apos;, os.arch: &apos;amd64&apos;, os.version: &apos;10.0&apos;, java.version: &apos;17.0.4.1&apos;
Driver info: org.openqa.selenium.chrome.ChromeDriver
Capabilities {acceptInsecureCerts: true, browserName: chrome, browserVersion: 135.0.7049.85, chrome: {chromedriverVersion: 135.0.7049.84 (6c019e560019..., userDataDir: C:\Users\User\AppData\Local...}, fedcm:accounts: true, goog:chromeOptions: {debuggerAddress: localhost:50946}, networkConnectionEnabled: false, pageLoadStrategy: normal, platformName: WINDOWS, proxy: Proxy(), se:cdp: ws://localhost:50946/devtoo..., se:cdpVersion: 135.0.7049.85, setWindowRect: true, strictFileInteractability: false, timeouts: {implicit: 0, pageLoad: 300000, script: 30000}, unhandledPromptBehavior: dismiss and notify, webauthn:extension:credBlob: true, webauthn:extension:largeBlob: true, webauthn:extension:minPinLength: true, webauthn:extension:prf: true, webauthn:virtualAuthenticators: true}
Session ID: 104cfac6fbcfaa7cc02321c0298322b7
	at org.openqa.selenium.support.ui.WebDriverWait.timeoutException(WebDriverWait.java:87)
	at org.openqa.selenium.support.ui.FluentWait.until(FluentWait.java:231)
	at com.gms.base.Page.click(Page.java:86)
	at com.gms.pages.actions.NewCustReg.custReg(NewCustReg.java:104)
	at com.gms.testcases.CustRegTest.custRegTest(CustRegTest.java:40)
	at java.base/jdk.internal.reflect.NativeMethodAccessorImpl.invoke0(Native Method)
	at java.base/jdk.internal.reflect.NativeMethodAccessorImpl.invoke(NativeMethodAccessorImpl.java:77)
	at java.base/jdk.internal.reflect.DelegatingMethodAccessorImpl.invoke(DelegatingMethodAccessorImpl.java:43)
	at java.base/java.lang.reflect.Method.invoke(Method.java:568)
	at org.testng.internal.invokers.MethodInvocationHelper.invokeMethod(MethodInvocationHelper.java:139)
	at org.testng.internal.invokers.TestInvoker.invokeMethod(TestInvoker.java:677)
	at org.testng.internal.invokers.TestInvoker.invokeTestMethod(TestInvoker.java:221)
	at org.testng.internal.invokers.MethodRunner.runInSequence(MethodRunner.java:50)
	at org.testng.internal.invokers.TestInvoker$MethodInvocationAgent.invoke(TestInvoker.java:969)
	at org.testng.internal.invokers.TestInvoker.invokeTestMethods(TestInvoker.java:194)
	at org.testng.internal.invokers.TestMethodWorker.invokeTestMethods(TestMethodWorker.java:148)
	at org.testng.internal.invokers.TestMethodWorker.run(TestMethodWorker.java:128)
	at java.base/java.util.ArrayList.forEach(ArrayList.java:1511)
	at org.testng.TestRunner.privateRun(TestRunner.java:829)
	at org.testng.TestRunner.run(TestRunner.java:602)
	at org.testng.SuiteRunner.runTest(SuiteRunner.java:437)
	at org.testng.SuiteRunner.runSequentially(SuiteRunner.java:431)
	at org.testng.SuiteRunner.privateRun(SuiteRunner.java:391)
	at org.testng.SuiteRunner.run(SuiteRunner.java:330)
	at org.testng.SuiteRunnerWorker.runSuite(SuiteRunnerWorker.java:52)
	at org.testng.SuiteRunnerWorker.run(SuiteRunnerWorker.java:95)
	at org.testng.TestNG.runSuitesSequentially(TestNG.java:1256)
	at org.testng.TestNG.runSuitesLocally(TestNG.java:1176)
	at org.testng.TestNG.runSuites(TestNG.java:1099)
	at org.testng.TestNG.run(TestNG.java:1067)
	at org.testng.remote.AbstractRemoteTestNG.run(AbstractRemoteTestNG.java:115)
	at org.testng.remote.RemoteTestNG.initAndRun(RemoteTestNG.java:293)
	at org.testng.remote.RemoteTestNG.main(RemoteTestNG.java:91)
</pre></div></td>
<td>55</td>
<td>com.gms.testcases.CustRegTest@44841b43</td></tr>
<tr>
<td title='com.gms.testcases.CustRegTest.custRegTest()'><b>custRegTest</b><br>Test class: com.gms.testcases.CustRegTest<br>Parameters: {password=welcome@123, mobNum=7842524582, runMode=Y, nbrPlateColor=White, custAddr=Hyderabad, engineNo=ENG123E554, mfgYear=2015, username=ramp, doreg=, technician=Rahul, vehNo=TEST8800, vehName=Audi, supervisor=Raja, emailId=venkata.ysqa@gmail.com, custName=VENKAT9, custSource=, kmDriven=123459, vehCat=HATCHBACK, chasisNo=CHA123A24}<br/>
<a href="#Output-1147892921" onClick='toggleBox("Output-1147892921", this, "Show output", "Hide output");'>Show output</a>

<a href="#Output-1147892921" onClick="toggleAllBoxes();">Show all outputs</a>
<div class='log' id="Output-1147892921">
Click to see Screenshot<br/>
<a target="_blank" href=Tue_Apr_15_14_22_30_IST_2025.jpg>Screenshot</a><br/>
<br><br/>
<br><br/>
<a target="_blank" href=Tue_Apr_15_14_22_30_IST_2025.jpg><img src=Tue_Apr_15_14_22_30_IST_2025.jpg height=200 width=200></img></a><br/>
</div>
</td>
<td><div><pre>org.openqa.selenium.TimeoutException: Expected condition failed: waiting for element to be clickable: [[ChromeDriver: chrome on WINDOWS (104cfac6fbcfaa7cc02321c0298322b7)] -&gt; id: closeButtonImages] (tried for 10 second(s) with 500 milliseconds interval)
Build info: version: &apos;4.9.0&apos;, revision: &apos;d7057100a6&apos;
System info: os.name: &apos;Windows 10&apos;, os.arch: &apos;amd64&apos;, os.version: &apos;10.0&apos;, java.version: &apos;17.0.4.1&apos;
Driver info: org.openqa.selenium.chrome.ChromeDriver
Capabilities {acceptInsecureCerts: true, browserName: chrome, browserVersion: 135.0.7049.85, chrome: {chromedriverVersion: 135.0.7049.84 (6c019e560019..., userDataDir: C:\Users\User\AppData\Local...}, fedcm:accounts: true, goog:chromeOptions: {debuggerAddress: localhost:50946}, networkConnectionEnabled: false, pageLoadStrategy: normal, platformName: WINDOWS, proxy: Proxy(), se:cdp: ws://localhost:50946/devtoo..., se:cdpVersion: 135.0.7049.85, setWindowRect: true, strictFileInteractability: false, timeouts: {implicit: 0, pageLoad: 300000, script: 30000}, unhandledPromptBehavior: dismiss and notify, webauthn:extension:credBlob: true, webauthn:extension:largeBlob: true, webauthn:extension:minPinLength: true, webauthn:extension:prf: true, webauthn:virtualAuthenticators: true}
Session ID: 104cfac6fbcfaa7cc02321c0298322b7
	at org.openqa.selenium.support.ui.WebDriverWait.timeoutException(WebDriverWait.java:87)
	at org.openqa.selenium.support.ui.FluentWait.until(FluentWait.java:231)
	at com.gms.base.Page.click(Page.java:86)
	at com.gms.pages.actions.NewCustReg.custReg(NewCustReg.java:110)
	at com.gms.testcases.CustRegTest.custRegTest(CustRegTest.java:40)
	at java.base/java.util.ArrayList.forEach(ArrayList.java:1511)
... Removed 27 stack frames</pre></div><a href='#' onClick='toggleBox("stack-trace1147892921", this, "Click to show all stack frames", "Click to hide stack frames")'>Click to show all stack frames</a>
<div class='stack-trace' id='stack-trace1147892921'><pre>org.openqa.selenium.TimeoutException: Expected condition failed: waiting for element to be clickable: [[ChromeDriver: chrome on WINDOWS (104cfac6fbcfaa7cc02321c0298322b7)] -&gt; id: closeButtonImages] (tried for 10 second(s) with 500 milliseconds interval)
Build info: version: &apos;4.9.0&apos;, revision: &apos;d7057100a6&apos;
System info: os.name: &apos;Windows 10&apos;, os.arch: &apos;amd64&apos;, os.version: &apos;10.0&apos;, java.version: &apos;17.0.4.1&apos;
Driver info: org.openqa.selenium.chrome.ChromeDriver
Capabilities {acceptInsecureCerts: true, browserName: chrome, browserVersion: 135.0.7049.85, chrome: {chromedriverVersion: 135.0.7049.84 (6c019e560019..., userDataDir: C:\Users\User\AppData\Local...}, fedcm:accounts: true, goog:chromeOptions: {debuggerAddress: localhost:50946}, networkConnectionEnabled: false, pageLoadStrategy: normal, platformName: WINDOWS, proxy: Proxy(), se:cdp: ws://localhost:50946/devtoo..., se:cdpVersion: 135.0.7049.85, setWindowRect: true, strictFileInteractability: false, timeouts: {implicit: 0, pageLoad: 300000, script: 30000}, unhandledPromptBehavior: dismiss and notify, webauthn:extension:credBlob: true, webauthn:extension:largeBlob: true, webauthn:extension:minPinLength: true, webauthn:extension:prf: true, webauthn:virtualAuthenticators: true}
Session ID: 104cfac6fbcfaa7cc02321c0298322b7
	at org.openqa.selenium.support.ui.WebDriverWait.timeoutException(WebDriverWait.java:87)
	at org.openqa.selenium.support.ui.FluentWait.until(FluentWait.java:231)
	at com.gms.base.Page.click(Page.java:86)
	at com.gms.pages.actions.NewCustReg.custReg(NewCustReg.java:110)
	at com.gms.testcases.CustRegTest.custRegTest(CustRegTest.java:40)
	at java.base/jdk.internal.reflect.NativeMethodAccessorImpl.invoke0(Native Method)
	at java.base/jdk.internal.reflect.NativeMethodAccessorImpl.invoke(NativeMethodAccessorImpl.java:77)
	at java.base/jdk.internal.reflect.DelegatingMethodAccessorImpl.invoke(DelegatingMethodAccessorImpl.java:43)
	at java.base/java.lang.reflect.Method.invoke(Method.java:568)
	at org.testng.internal.invokers.MethodInvocationHelper.invokeMethod(MethodInvocationHelper.java:139)
	at org.testng.internal.invokers.TestInvoker.invokeMethod(TestInvoker.java:677)
	at org.testng.internal.invokers.TestInvoker.invokeTestMethod(TestInvoker.java:221)
	at org.testng.internal.invokers.MethodRunner.runInSequence(MethodRunner.java:50)
	at org.testng.internal.invokers.TestInvoker$MethodInvocationAgent.invoke(TestInvoker.java:969)
	at org.testng.internal.invokers.TestInvoker.invokeTestMethods(TestInvoker.java:194)
	at org.testng.internal.invokers.TestMethodWorker.invokeTestMethods(TestMethodWorker.java:148)
	at org.testng.internal.invokers.TestMethodWorker.run(TestMethodWorker.java:128)
	at java.base/java.util.ArrayList.forEach(ArrayList.java:1511)
	at org.testng.TestRunner.privateRun(TestRunner.java:829)
	at org.testng.TestRunner.run(TestRunner.java:602)
	at org.testng.SuiteRunner.runTest(SuiteRunner.java:437)
	at org.testng.SuiteRunner.runSequentially(SuiteRunner.java:431)
	at org.testng.SuiteRunner.privateRun(SuiteRunner.java:391)
	at org.testng.SuiteRunner.run(SuiteRunner.java:330)
	at org.testng.SuiteRunnerWorker.runSuite(SuiteRunnerWorker.java:52)
	at org.testng.SuiteRunnerWorker.run(SuiteRunnerWorker.java:95)
	at org.testng.TestNG.runSuitesSequentially(TestNG.java:1256)
	at org.testng.TestNG.runSuitesLocally(TestNG.java:1176)
	at org.testng.TestNG.runSuites(TestNG.java:1099)
	at org.testng.TestNG.run(TestNG.java:1067)
	at org.testng.remote.AbstractRemoteTestNG.run(AbstractRemoteTestNG.java:115)
	at org.testng.remote.RemoteTestNG.initAndRun(RemoteTestNG.java:293)
	at org.testng.remote.RemoteTestNG.main(RemoteTestNG.java:91)
</pre></div></td>
<td>29</td>
<td>com.gms.testcases.CustRegTest@44841b43</td></tr>
<tr>
<td title='com.gms.testcases.CustRegTest.custRegTest()'><b>custRegTest</b><br>Test class: com.gms.testcases.CustRegTest<br>Parameters: {password=, mobNum=, runMode=, nbrPlateColor=, custAddr=, engineNo=, mfgYear=, username=, doreg=, technician=, vehNo=, vehName=, supervisor=, emailId=, custName=, custSource=, kmDriven=, vehCat=, chasisNo=}<br/>
<a href="#Output-1723224928" onClick='toggleBox("Output-1723224928", this, "Show output", "Hide output");'>Show output</a>

<a href="#Output-1723224928" onClick="toggleAllBoxes();">Show all outputs</a>
<div class='log' id="Output-1723224928">
Click to see Screenshot<br/>
<a target="_blank" href=Tue_Apr_15_14_22_45_IST_2025.jpg>Screenshot</a><br/>
<br><br/>
<br><br/>
<a target="_blank" href=Tue_Apr_15_14_22_45_IST_2025.jpg><img src=Tue_Apr_15_14_22_45_IST_2025.jpg height=200 width=200></img></a><br/>
</div>
</td>
<td><div><pre>org.openqa.selenium.ElementNotInteractableException: element not interactable
  (Session info: chrome=135.0.7049.85)
Build info: version: &apos;4.9.0&apos;, revision: &apos;d7057100a6&apos;
System info: os.name: &apos;Windows 10&apos;, os.arch: &apos;amd64&apos;, os.version: &apos;10.0&apos;, java.version: &apos;17.0.4.1&apos;
Driver info: org.openqa.selenium.chrome.ChromeDriver
Command: [104cfac6fbcfaa7cc02321c0298322b7, clearElement {id=f.6F88E5E534114E37913F1A4C329BFCD6.d.0BFE6B387DA5AE10A899085A3DA1E47A.e.6888}]
Capabilities {acceptInsecureCerts: true, browserName: chrome, browserVersion: 135.0.7049.85, chrome: {chromedriverVersion: 135.0.7049.84 (6c019e560019..., userDataDir: C:\Users\User\AppData\Local...}, fedcm:accounts: true, goog:chromeOptions: {debuggerAddress: localhost:50946}, networkConnectionEnabled: false, pageLoadStrategy: normal, platformName: WINDOWS, proxy: Proxy(), se:cdp: ws://localhost:50946/devtoo..., se:cdpVersion: 135.0.7049.85, setWindowRect: true, strictFileInteractability: false, timeouts: {implicit: 0, pageLoad: 300000, script: 30000}, unhandledPromptBehavior: dismiss and notify, webauthn:extension:credBlob: true, webauthn:extension:largeBlob: true, webauthn:extension:minPinLength: true, webauthn:extension:prf: true, webauthn:virtualAuthenticators: true}
Element: [[ChromeDriver: chrome on WINDOWS (104cfac6fbcfaa7cc02321c0298322b7)] -&gt; id: kilometerDriven]
Session ID: 104cfac6fbcfaa7cc02321c0298322b7
	at org.openqa.selenium.remote.codec.w3c.W3CHttpResponseCodec.createException(W3CHttpResponseCodec.java:200)
	at org.openqa.selenium.remote.codec.w3c.W3CHttpResponseCodec.decode(W3CHttpResponseCodec.java:133)
	at org.openqa.selenium.remote.codec.w3c.W3CHttpResponseCodec.decode(W3CHttpResponseCodec.java:53)
	at org.openqa.selenium.remote.HttpCommandExecutor.execute(HttpCommandExecutor.java:193)
	at org.openqa.selenium.remote.service.DriverCommandExecutor.invokeExecute(DriverCommandExecutor.java:183)
	at org.openqa.selenium.remote.service.DriverCommandExecutor.execute(DriverCommandExecutor.java:158)
	at org.openqa.selenium.remote.RemoteWebDriver.execute(RemoteWebDriver.java:543)
	at org.openqa.selenium.remote.RemoteWebElement.execute(RemoteWebElement.java:257)
	at org.openqa.selenium.remote.RemoteWebElement.clear(RemoteWebElement.java:132)
	at org.openqa.selenium.support.pagefactory.internal.LocatingElementHandler.invoke(LocatingElementHandler.java:52)
	at jdk.proxy2/jdk.proxy2.$Proxy19.clear(Unknown Source)
	at com.gms.base.Page.clear(Page.java:104)
	at com.gms.pages.actions.NewCustReg.custReg(NewCustReg.java:76)
	at com.gms.testcases.CustRegTest.custRegTest(CustRegTest.java:40)
	at java.base/java.util.ArrayList.forEach(ArrayList.java:1511)
... Removed 35 stack frames</pre></div><a href='#' onClick='toggleBox("stack-trace1723224928", this, "Click to show all stack frames", "Click to hide stack frames")'>Click to show all stack frames</a>
<div class='stack-trace' id='stack-trace1723224928'><pre>org.openqa.selenium.ElementNotInteractableException: element not interactable
  (Session info: chrome=135.0.7049.85)
Build info: version: &apos;4.9.0&apos;, revision: &apos;d7057100a6&apos;
System info: os.name: &apos;Windows 10&apos;, os.arch: &apos;amd64&apos;, os.version: &apos;10.0&apos;, java.version: &apos;17.0.4.1&apos;
Driver info: org.openqa.selenium.chrome.ChromeDriver
Command: [104cfac6fbcfaa7cc02321c0298322b7, clearElement {id=f.6F88E5E534114E37913F1A4C329BFCD6.d.0BFE6B387DA5AE10A899085A3DA1E47A.e.6888}]
Capabilities {acceptInsecureCerts: true, browserName: chrome, browserVersion: 135.0.7049.85, chrome: {chromedriverVersion: 135.0.7049.84 (6c019e560019..., userDataDir: C:\Users\User\AppData\Local...}, fedcm:accounts: true, goog:chromeOptions: {debuggerAddress: localhost:50946}, networkConnectionEnabled: false, pageLoadStrategy: normal, platformName: WINDOWS, proxy: Proxy(), se:cdp: ws://localhost:50946/devtoo..., se:cdpVersion: 135.0.7049.85, setWindowRect: true, strictFileInteractability: false, timeouts: {implicit: 0, pageLoad: 300000, script: 30000}, unhandledPromptBehavior: dismiss and notify, webauthn:extension:credBlob: true, webauthn:extension:largeBlob: true, webauthn:extension:minPinLength: true, webauthn:extension:prf: true, webauthn:virtualAuthenticators: true}
Element: [[ChromeDriver: chrome on WINDOWS (104cfac6fbcfaa7cc02321c0298322b7)] -&gt; id: kilometerDriven]
Session ID: 104cfac6fbcfaa7cc02321c0298322b7
	at java.base/jdk.internal.reflect.NativeConstructorAccessorImpl.newInstance0(Native Method)
	at java.base/jdk.internal.reflect.NativeConstructorAccessorImpl.newInstance(NativeConstructorAccessorImpl.java:77)
	at java.base/jdk.internal.reflect.DelegatingConstructorAccessorImpl.newInstance(DelegatingConstructorAccessorImpl.java:45)
	at java.base/java.lang.reflect.Constructor.newInstanceWithCaller(Constructor.java:499)
	at java.base/java.lang.reflect.Constructor.newInstance(Constructor.java:480)
	at org.openqa.selenium.remote.codec.w3c.W3CHttpResponseCodec.createException(W3CHttpResponseCodec.java:200)
	at org.openqa.selenium.remote.codec.w3c.W3CHttpResponseCodec.decode(W3CHttpResponseCodec.java:133)
	at org.openqa.selenium.remote.codec.w3c.W3CHttpResponseCodec.decode(W3CHttpResponseCodec.java:53)
	at org.openqa.selenium.remote.HttpCommandExecutor.execute(HttpCommandExecutor.java:193)
	at org.openqa.selenium.remote.service.DriverCommandExecutor.invokeExecute(DriverCommandExecutor.java:183)
	at org.openqa.selenium.remote.service.DriverCommandExecutor.execute(DriverCommandExecutor.java:158)
	at org.openqa.selenium.remote.RemoteWebDriver.execute(RemoteWebDriver.java:543)
	at org.openqa.selenium.remote.RemoteWebElement.execute(RemoteWebElement.java:257)
	at org.openqa.selenium.remote.RemoteWebElement.clear(RemoteWebElement.java:132)
	at jdk.internal.reflect.GeneratedMethodAccessor28.invoke(Unknown Source)
	at java.base/jdk.internal.reflect.DelegatingMethodAccessorImpl.invoke(DelegatingMethodAccessorImpl.java:43)
	at java.base/java.lang.reflect.Method.invoke(Method.java:568)
	at org.openqa.selenium.support.pagefactory.internal.LocatingElementHandler.invoke(LocatingElementHandler.java:52)
	at jdk.proxy2/jdk.proxy2.$Proxy19.clear(Unknown Source)
	at com.gms.base.Page.clear(Page.java:104)
	at com.gms.pages.actions.NewCustReg.custReg(NewCustReg.java:76)
	at com.gms.testcases.CustRegTest.custRegTest(CustRegTest.java:40)
	at java.base/jdk.internal.reflect.NativeMethodAccessorImpl.invoke0(Native Method)
	at java.base/jdk.internal.reflect.NativeMethodAccessorImpl.invoke(NativeMethodAccessorImpl.java:77)
	at java.base/jdk.internal.reflect.DelegatingMethodAccessorImpl.invoke(DelegatingMethodAccessorImpl.java:43)
	at java.base/java.lang.reflect.Method.invoke(Method.java:568)
	at org.testng.internal.invokers.MethodInvocationHelper.invokeMethod(MethodInvocationHelper.java:139)
	at org.testng.internal.invokers.TestInvoker.invokeMethod(TestInvoker.java:677)
	at org.testng.internal.invokers.TestInvoker.invokeTestMethod(TestInvoker.java:221)
	at org.testng.internal.invokers.MethodRunner.runInSequence(MethodRunner.java:50)
	at org.testng.internal.invokers.TestInvoker$MethodInvocationAgent.invoke(TestInvoker.java:969)
	at org.testng.internal.invokers.TestInvoker.invokeTestMethods(TestInvoker.java:194)
	at org.testng.internal.invokers.TestMethodWorker.invokeTestMethods(TestMethodWorker.java:148)
	at org.testng.internal.invokers.TestMethodWorker.run(TestMethodWorker.java:128)
	at java.base/java.util.ArrayList.forEach(ArrayList.java:1511)
	at org.testng.TestRunner.privateRun(TestRunner.java:829)
	at org.testng.TestRunner.run(TestRunner.java:602)
	at org.testng.SuiteRunner.runTest(SuiteRunner.java:437)
	at org.testng.SuiteRunner.runSequentially(SuiteRunner.java:431)
	at org.testng.SuiteRunner.privateRun(SuiteRunner.java:391)
	at org.testng.SuiteRunner.run(SuiteRunner.java:330)
	at org.testng.SuiteRunnerWorker.runSuite(SuiteRunnerWorker.java:52)
	at org.testng.SuiteRunnerWorker.run(SuiteRunnerWorker.java:95)
	at org.testng.TestNG.runSuitesSequentially(TestNG.java:1256)
	at org.testng.TestNG.runSuitesLocally(TestNG.java:1176)
	at org.testng.TestNG.runSuites(TestNG.java:1099)
	at org.testng.TestNG.run(TestNG.java:1067)
	at org.testng.remote.AbstractRemoteTestNG.run(AbstractRemoteTestNG.java:115)
	at org.testng.remote.RemoteTestNG.initAndRun(RemoteTestNG.java:293)
	at org.testng.remote.RemoteTestNG.main(RemoteTestNG.java:91)
</pre></div></td>
<td>15</td>
<td>com.gms.testcases.CustRegTest@44841b43</td></tr>
</table><p>
<table width='100%' border='1' class='invocation-passed'>
<tr><td colspan='4' align='center'><b>PASSED TESTS</b></td></tr>
<tr><td><b>Test method</b></td>
<td><b>Attribute(s)</b></td>
<td width="30%"><b>Exception</b></td>
<td width="10%"><b>Time (seconds)</b></td>
<td><b>Instance</b></td>
</tr>
<tr>
<td title='com.gms.testcases.CustRegTest.custRegTest()'><b>custRegTest</b><br>Test class: com.gms.testcases.CustRegTest<br>Parameters: {password=welcome@123, mobNum=7842524582, runMode=Y, nbrPlateColor=White, custAddr=Hyderabad, engineNo=ENG123E554, mfgYear=2015, username=ramp, doreg=, technician=Rahul, vehNo=TEST8989, vehName=Audi, supervisor=Raja, emailId=venkata.ysqa@gmail.com, custName=VENKAT8, custSource=, kmDriven=123459, vehCat=SEDAN, chasisNo=CHA123A24}</td>
<td></td>
<td>30</td>
<td>com.gms.testcases.CustRegTest@44841b43</td></tr>
<tr>
<td title='com.gms.testcases.LoginTest.loginTest()'><b>loginTest</b><br>Test class: com.gms.testcases.LoginTest<br>Parameters: {password=7410qa, runmode=Y, username=ramp}</td>
<td></td>
<td>26</td>
<td>com.gms.testcases.LoginTest@1ffcf674</td></tr>
<tr>
<td title='com.gms.testcases.CustRegTest.custRegTest()'><b>custRegTest</b><br>Test class: com.gms.testcases.CustRegTest<br>Parameters: {password=, mobNum=, runMode=, nbrPlateColor=, custAddr=, engineNo=, mfgYear=, username=, doreg=, technician=, vehNo=, vehName=, supervisor=, emailId=, custName=, custSource=, kmDriven=, vehCat=, chasisNo=}</td>
<td></td>
<td>22</td>
<td>com.gms.testcases.CustRegTest@44841b43</td></tr>
<tr>
<td title='com.gms.testcases.CustRegTest.custRegTest()'><b>custRegTest</b><br>Test class: com.gms.testcases.CustRegTest<br>Parameters: {password=welcome@123, mobNum=7842524582, runMode=Y, nbrPlateColor=White, custAddr=Hyderabad, engineNo=ENG123E554, mfgYear=2015, username=ramp, doreg=, technician=Rahul, vehNo=TEST3456, vehName=Hyundai, supervisor=Raja, emailId=venkata.ysqa@gmail.com, custName=VENKAT2, custSource=, kmDriven=123459, vehCat=SEDAN, chasisNo=CHA123A24}</td>
<td></td>
<td>31</td>
<td>com.gms.testcases.CustRegTest@44841b43</td></tr>
<tr>
<td title='com.gms.testcases.CustRegTest.custRegTest()'><b>custRegTest</b><br>Test class: com.gms.testcases.CustRegTest<br>Parameters: {password=welcome@123, mobNum=7842524582, runMode=Y, nbrPlateColor=White, custAddr=Hyderabad, engineNo=ENG123E554, mfgYear=2015, username=ramp, doreg=, technician=Rahul, vehNo=TEST5456, vehName=Honda, supervisor=Raja, emailId=venkata.ysqa@gmail.com, custName=VENKAT5, custSource=, kmDriven=123459, vehCat=SUV, chasisNo=CHA123A24}</td>
<td></td>
<td>24</td>
<td>com.gms.testcases.CustRegTest@44841b43</td></tr>
<tr>
<td title='com.gms.testcases.CustRegTest.custRegTest()'><b>custRegTest</b><br>Test class: com.gms.testcases.CustRegTest<br>Parameters: {password=welcome@123, mobNum=7842524582, runMode=Y, nbrPlateColor=White, custAddr=Hyderabad, engineNo=ENG123E554, mfgYear=2015, username=ramp, doreg=, technician=Rahul, vehNo=TEST5565, vehName=Maruti, supervisor=Raja, emailId=venkata.ysqa@gmail.com, custName=VENKAT6, custSource=, kmDriven=123459, vehCat=SEDAN, chasisNo=CHA123A24}</td>
<td></td>
<td>25</td>
<td>com.gms.testcases.CustRegTest@44841b43</td></tr>
<tr>
<td title='com.gms.testcases.CustRegTest.custRegTest()'><b>custRegTest</b><br>Test class: com.gms.testcases.CustRegTest<br>Parameters: {password=welcome@123, mobNum=7842524582, runMode=Y, nbrPlateColor=White, custAddr=Hyderabad, engineNo=ENG123E554, mfgYear=2015, username=ramp, doreg=, technician=Rahul, vehNo=TEST7890, vehName=Maruti, supervisor=Raja, emailId=venkata.ysqa@gmail.com, custName=VENKAT4, custSource=, kmDriven=123459, vehCat=SEDAN, chasisNo=CHA123A24}</td>
<td></td>
<td>14</td>
<td>com.gms.testcases.CustRegTest@44841b43</td></tr>
<tr>
<td title='com.gms.testcases.CustRegTest.custRegTest()'><b>custRegTest</b><br>Test class: com.gms.testcases.CustRegTest<br>Parameters: {password=welcome@123, mobNum=7842524582, runMode=Y, nbrPlateColor=White, custAddr=Hyderabad, engineNo=ENG123E554, mfgYear=2015, username=ramp, doreg=, technician=Rahul, vehNo=TEST4569, vehName=Maruti, supervisor=Raja, emailId=venkata.ysqa@gmail.com, custName=VENKAT3, custSource=, kmDriven=123459, vehCat=SUV, chasisNo=CHA123A24}</td>
<td></td>
<td>24</td>
<td>com.gms.testcases.CustRegTest@44841b43</td></tr>
</table><p>
<table width='100%' border='1' class='invocation-skipped'>
<tr><td colspan='4' align='center'><b>SKIPPED TESTS</b></td></tr>
<tr><td><b>Test method</b></td>
<td><b>Attribute(s)</b></td>
<td width="30%"><b>Exception</b></td>
<td width="10%"><b>Time (seconds)</b></td>
<td><b>Instance</b></td>
</tr>
<tr>
<td title='com.gms.testcases.CustRegTest.custRegTest()'><b>custRegTest</b><br>Test class: com.gms.testcases.CustRegTest<br>Parameters: {password=welcome@123, mobNum=8919344944, runMode=N, nbrPlateColor=White, custAddr=Hyderabad, engineNo=ENG123E553, mfgYear=2021, username=ramp, doreg=, technician=Rahul, vehNo=TEST5637, vehName=Audi, supervisor=Raja, emailId=venkata.ysqa@gmail.com, custName=Venkat, custSource=, kmDriven=111188, vehCat=SUV, chasisNo=CHA123A23}</td>
<td><div><pre>org.testng.SkipException: Skipping the test as the Run mode is NO
	at com.gms.testcases.CustRegTest.custRegTest(CustRegTest.java:26)
	at java.base/java.util.ArrayList.forEach(ArrayList.java:1511)
... Removed 27 stack frames</pre></div><a href='#' onClick='toggleBox("stack-trace1007264592", this, "Click to show all stack frames", "Click to hide stack frames")'>Click to show all stack frames</a>
<div class='stack-trace' id='stack-trace1007264592'><pre>org.testng.SkipException: Skipping the test as the Run mode is NO
	at com.gms.testcases.CustRegTest.custRegTest(CustRegTest.java:26)
	at java.base/jdk.internal.reflect.NativeMethodAccessorImpl.invoke0(Native Method)
	at java.base/jdk.internal.reflect.NativeMethodAccessorImpl.invoke(NativeMethodAccessorImpl.java:77)
	at java.base/jdk.internal.reflect.DelegatingMethodAccessorImpl.invoke(DelegatingMethodAccessorImpl.java:43)
	at java.base/java.lang.reflect.Method.invoke(Method.java:568)
	at org.testng.internal.invokers.MethodInvocationHelper.invokeMethod(MethodInvocationHelper.java:139)
	at org.testng.internal.invokers.TestInvoker.invokeMethod(TestInvoker.java:677)
	at org.testng.internal.invokers.TestInvoker.invokeTestMethod(TestInvoker.java:221)
	at org.testng.internal.invokers.MethodRunner.runInSequence(MethodRunner.java:50)
	at org.testng.internal.invokers.TestInvoker$MethodInvocationAgent.invoke(TestInvoker.java:969)
	at org.testng.internal.invokers.TestInvoker.invokeTestMethods(TestInvoker.java:194)
	at org.testng.internal.invokers.TestMethodWorker.invokeTestMethods(TestMethodWorker.java:148)
	at org.testng.internal.invokers.TestMethodWorker.run(TestMethodWorker.java:128)
	at java.base/java.util.ArrayList.forEach(ArrayList.java:1511)
	at org.testng.TestRunner.privateRun(TestRunner.java:829)
	at org.testng.TestRunner.run(TestRunner.java:602)
	at org.testng.SuiteRunner.runTest(SuiteRunner.java:437)
	at org.testng.SuiteRunner.runSequentially(SuiteRunner.java:431)
	at org.testng.SuiteRunner.privateRun(SuiteRunner.java:391)
	at org.testng.SuiteRunner.run(SuiteRunner.java:330)
	at org.testng.SuiteRunnerWorker.runSuite(SuiteRunnerWorker.java:52)
	at org.testng.SuiteRunnerWorker.run(SuiteRunnerWorker.java:95)
	at org.testng.TestNG.runSuitesSequentially(TestNG.java:1256)
	at org.testng.TestNG.runSuitesLocally(TestNG.java:1176)
	at org.testng.TestNG.runSuites(TestNG.java:1099)
	at org.testng.TestNG.run(TestNG.java:1067)
	at org.testng.remote.AbstractRemoteTestNG.run(AbstractRemoteTestNG.java:115)
	at org.testng.remote.RemoteTestNG.initAndRun(RemoteTestNG.java:293)
	at org.testng.remote.RemoteTestNG.main(RemoteTestNG.java:91)
</pre></div></td>
<td>1</td>
<td>com.gms.testcases.CustRegTest@44841b43</td></tr>
<tr>
<td title='com.gms.testcases.CustRegTest.custRegTest()'><b>custRegTest</b><br>Test class: com.gms.testcases.CustRegTest<br>Parameters: {password=welcome@123, mobNum=7842524582, runMode=N, nbrPlateColor=White, custAddr=Hyderabad, engineNo=ENG123E554, mfgYear=2015, username=ramp, doreg=, technician=Rahul, vehNo=TEST9658, vehName=Maruti, supervisor=Raja, emailId=venkata.ysqa@gmail.com, custName=VENKAT1, custSource=, kmDriven=123459, vehCat=SUV, chasisNo=CHA123A24}</td>
<td><div><pre>org.testng.SkipException: Skipping the test as the Run mode is NO
	at com.gms.testcases.CustRegTest.custRegTest(CustRegTest.java:26)
	at java.base/java.util.ArrayList.forEach(ArrayList.java:1511)
... Removed 27 stack frames</pre></div><a href='#' onClick='toggleBox("stack-trace340715687", this, "Click to show all stack frames", "Click to hide stack frames")'>Click to show all stack frames</a>
<div class='stack-trace' id='stack-trace340715687'><pre>org.testng.SkipException: Skipping the test as the Run mode is NO
	at com.gms.testcases.CustRegTest.custRegTest(CustRegTest.java:26)
	at java.base/jdk.internal.reflect.NativeMethodAccessorImpl.invoke0(Native Method)
	at java.base/jdk.internal.reflect.NativeMethodAccessorImpl.invoke(NativeMethodAccessorImpl.java:77)
	at java.base/jdk.internal.reflect.DelegatingMethodAccessorImpl.invoke(DelegatingMethodAccessorImpl.java:43)
	at java.base/java.lang.reflect.Method.invoke(Method.java:568)
	at org.testng.internal.invokers.MethodInvocationHelper.invokeMethod(MethodInvocationHelper.java:139)
	at org.testng.internal.invokers.TestInvoker.invokeMethod(TestInvoker.java:677)
	at org.testng.internal.invokers.TestInvoker.invokeTestMethod(TestInvoker.java:221)
	at org.testng.internal.invokers.MethodRunner.runInSequence(MethodRunner.java:50)
	at org.testng.internal.invokers.TestInvoker$MethodInvocationAgent.invoke(TestInvoker.java:969)
	at org.testng.internal.invokers.TestInvoker.invokeTestMethods(TestInvoker.java:194)
	at org.testng.internal.invokers.TestMethodWorker.invokeTestMethods(TestMethodWorker.java:148)
	at org.testng.internal.invokers.TestMethodWorker.run(TestMethodWorker.java:128)
	at java.base/java.util.ArrayList.forEach(ArrayList.java:1511)
	at org.testng.TestRunner.privateRun(TestRunner.java:829)
	at org.testng.TestRunner.run(TestRunner.java:602)
	at org.testng.SuiteRunner.runTest(SuiteRunner.java:437)
	at org.testng.SuiteRunner.runSequentially(SuiteRunner.java:431)
	at org.testng.SuiteRunner.privateRun(SuiteRunner.java:391)
	at org.testng.SuiteRunner.run(SuiteRunner.java:330)
	at org.testng.SuiteRunnerWorker.runSuite(SuiteRunnerWorker.java:52)
	at org.testng.SuiteRunnerWorker.run(SuiteRunnerWorker.java:95)
	at org.testng.TestNG.runSuitesSequentially(TestNG.java:1256)
	at org.testng.TestNG.runSuitesLocally(TestNG.java:1176)
	at org.testng.TestNG.runSuites(TestNG.java:1099)
	at org.testng.TestNG.run(TestNG.java:1067)
	at org.testng.remote.AbstractRemoteTestNG.run(AbstractRemoteTestNG.java:115)
	at org.testng.remote.RemoteTestNG.initAndRun(RemoteTestNG.java:293)
	at org.testng.remote.RemoteTestNG.main(RemoteTestNG.java:91)
</pre></div></td>
<td>1</td>
<td>com.gms.testcases.CustRegTest@44841b43</td></tr>
<tr>
<td title='com.gms.testcases.CustRegTest.custRegTest()'><b>custRegTest</b><br>Test class: com.gms.testcases.CustRegTest<br>Parameters: {password=welcome@123, mobNum=7842524582, runMode=N, nbrPlateColor=Black, custAddr=Hyderabad, engineNo=ENG123E554, mfgYear=2015, username=ramp, doreg=, technician=Rahul, vehNo=AP28DN9658, vehName=Audi, supervisor=Raja, emailId=test, custName=Venkat5637, custSource=, kmDriven=123459, vehCat=SEDAN, chasisNo=CHA123A24}</td>
<td><div><pre>org.testng.SkipException: Skipping the test as the Run mode is NO
	at com.gms.testcases.CustRegTest.custRegTest(CustRegTest.java:26)
	at java.base/java.util.ArrayList.forEach(ArrayList.java:1511)
... Removed 27 stack frames</pre></div><a href='#' onClick='toggleBox("stack-trace1958310934", this, "Click to show all stack frames", "Click to hide stack frames")'>Click to show all stack frames</a>
<div class='stack-trace' id='stack-trace1958310934'><pre>org.testng.SkipException: Skipping the test as the Run mode is NO
	at com.gms.testcases.CustRegTest.custRegTest(CustRegTest.java:26)
	at java.base/jdk.internal.reflect.NativeMethodAccessorImpl.invoke0(Native Method)
	at java.base/jdk.internal.reflect.NativeMethodAccessorImpl.invoke(NativeMethodAccessorImpl.java:77)
	at java.base/jdk.internal.reflect.DelegatingMethodAccessorImpl.invoke(DelegatingMethodAccessorImpl.java:43)
	at java.base/java.lang.reflect.Method.invoke(Method.java:568)
	at org.testng.internal.invokers.MethodInvocationHelper.invokeMethod(MethodInvocationHelper.java:139)
	at org.testng.internal.invokers.TestInvoker.invokeMethod(TestInvoker.java:677)
	at org.testng.internal.invokers.TestInvoker.invokeTestMethod(TestInvoker.java:221)
	at org.testng.internal.invokers.MethodRunner.runInSequence(MethodRunner.java:50)
	at org.testng.internal.invokers.TestInvoker$MethodInvocationAgent.invoke(TestInvoker.java:969)
	at org.testng.internal.invokers.TestInvoker.invokeTestMethods(TestInvoker.java:194)
	at org.testng.internal.invokers.TestMethodWorker.invokeTestMethods(TestMethodWorker.java:148)
	at org.testng.internal.invokers.TestMethodWorker.run(TestMethodWorker.java:128)
	at java.base/java.util.ArrayList.forEach(ArrayList.java:1511)
	at org.testng.TestRunner.privateRun(TestRunner.java:829)
	at org.testng.TestRunner.run(TestRunner.java:602)
	at org.testng.SuiteRunner.runTest(SuiteRunner.java:437)
	at org.testng.SuiteRunner.runSequentially(SuiteRunner.java:431)
	at org.testng.SuiteRunner.privateRun(SuiteRunner.java:391)
	at org.testng.SuiteRunner.run(SuiteRunner.java:330)
	at org.testng.SuiteRunnerWorker.runSuite(SuiteRunnerWorker.java:52)
	at org.testng.SuiteRunnerWorker.run(SuiteRunnerWorker.java:95)
	at org.testng.TestNG.runSuitesSequentially(TestNG.java:1256)
	at org.testng.TestNG.runSuitesLocally(TestNG.java:1176)
	at org.testng.TestNG.runSuites(TestNG.java:1099)
	at org.testng.TestNG.run(TestNG.java:1067)
	at org.testng.remote.AbstractRemoteTestNG.run(AbstractRemoteTestNG.java:115)
	at org.testng.remote.RemoteTestNG.initAndRun(RemoteTestNG.java:293)
	at org.testng.remote.RemoteTestNG.main(RemoteTestNG.java:91)
</pre></div></td>
<td>1</td>
<td>com.gms.testcases.CustRegTest@44841b43</td></tr>
</table><p>
</body>
</html>